2010-01-20 19:48:52 Notice: Notice (1024): Please change the value of 'Security.salt' in app/config/core.php to a salt value specific to your application in [/home/rhrn/www/cakephp1x/cake/libs/debugger.php, line 674]
2010-01-20 19:48:52 Notice: Notice (1024): Please change the value of 'Security.cipherSeed' in app/config/core.php to a numeric (digits only) seed value specific to your application in [/home/rhrn/www/cakephp1x/cake/libs/debugger.php, line 678]
2010-01-20 19:49:30 Notice: Notice (1024): Please change the value of 'Security.cipherSeed' in app/config/core.php to a numeric (digits only) seed value specific to your application in [/home/rhrn/www/cakephp1x/cake/libs/debugger.php, line 678]
2010-01-21 00:30:26 Notice: Notice (1024): Please change the value of 'Security.salt' in app/config/core.php to a salt value specific to your application in [/home/rhrn/www/cakephp1x/cake/libs/debugger.php, line 674]
2010-01-21 00:30:26 Notice: Notice (1024): Please change the value of 'Security.cipherSeed' in app/config/core.php to a numeric (digits only) seed value specific to your application in [/home/rhrn/www/cakephp1x/cake/libs/debugger.php, line 678]
2010-01-21 00:32:46 Notice: Notice (1024): Please change the value of 'Security.salt' in app/config/core.php to a salt value specific to your application in [/home/rhrn/www/cakephp1x/cake/libs/debugger.php, line 674]
2010-01-21 00:32:46 Notice: Notice (1024): Please change the value of 'Security.cipherSeed' in app/config/core.php to a numeric (digits only) seed value specific to your application in [/home/rhrn/www/cakephp1x/cake/libs/debugger.php, line 678]
2010-01-21 00:34:20 Notice: Notice (1024): Please change the value of 'Security.salt' in app/config/core.php to a salt value specific to your application in [/home/rhrn/www/cakephp1x/cake/libs/debugger.php, line 674]
2010-01-21 00:34:20 Notice: Notice (1024): Please change the value of 'Security.cipherSeed' in app/config/core.php to a numeric (digits only) seed value specific to your application in [/home/rhrn/www/cakephp1x/cake/libs/debugger.php, line 678]
2010-01-21 00:35:39 Notice: Notice (1024): Please change the value of 'Security.salt' in app/config/core.php to a salt value specific to your application in [/home/rhrn/www/cakephp1x/cake/libs/debugger.php, line 674]
2010-01-21 00:35:39 Notice: Notice (1024): Please change the value of 'Security.cipherSeed' in app/config/core.php to a numeric (digits only) seed value specific to your application in [/home/rhrn/www/cakephp1x/cake/libs/debugger.php, line 678]
2010-01-21 00:35:41 Notice: Notice (1024): Please change the value of 'Security.salt' in app/config/core.php to a salt value specific to your application in [/home/rhrn/www/cakephp1x/cake/libs/debugger.php, line 674]
2010-01-21 00:35:41 Notice: Notice (1024): Please change the value of 'Security.cipherSeed' in app/config/core.php to a numeric (digits only) seed value specific to your application in [/home/rhrn/www/cakephp1x/cake/libs/debugger.php, line 678]
2010-01-21 17:52:10 Notice: Notice (1024): Please change the value of 'Security.salt' in app/config/core.php to a salt value specific to your application in [/home/rhrn/www/cakephp1x/cake/libs/debugger.php, line 674]
2010-01-21 17:52:10 Notice: Notice (1024): Please change the value of 'Security.cipherSeed' in app/config/core.php to a numeric (digits only) seed value specific to your application in [/home/rhrn/www/cakephp1x/cake/libs/debugger.php, line 678]
2010-01-21 17:53:40 Notice: Notice (1024): Please change the value of 'Security.cipherSeed' in app/config/core.php to a numeric (digits only) seed value specific to your application in [/home/rhrn/www/cakephp1x/cake/libs/debugger.php, line 678]
2010-01-27 01:15:56 Notice: Notice (8): Undefined variable: fieldName in [/home/rhrn/www/cakephp1x/cake/libs/view/helpers/form.php, line 1048]
2010-01-27 02:06:15 Notice: Notice (8): Undefined property: ItemsController::$Itme in [/home/rhrn/www/cakephp1x/app/controllers/items_controller.php, line 19]
2010-01-27 02:06:15 Notice: Notice (8): Trying to get property of non-object in [/home/rhrn/www/cakephp1x/app/controllers/items_controller.php, line 19]
2010-01-27 02:10:02 Notice: Notice (8): Undefined property: ItemsController::$Itme in [/home/rhrn/www/cakephp1x/app/controllers/items_controller.php, line 19]
2010-01-27 02:10:02 Notice: Notice (8): Trying to get property of non-object in [/home/rhrn/www/cakephp1x/app/controllers/items_controller.php, line 19]
2010-01-27 02:10:12 Notice: Notice (8): Undefined property: ItemsController::$Itme in [/home/rhrn/www/cakephp1x/app/controllers/items_controller.php, line 19]
2010-01-27 02:10:12 Notice: Notice (8): Trying to get property of non-object in [/home/rhrn/www/cakephp1x/app/controllers/items_controller.php, line 19]
2010-01-27 02:11:56 Notice: Notice (8): Undefined property: ItemsController::$Itme in [/home/rhrn/www/cakephp1x/app/controllers/items_controller.php, line 15]
2010-01-27 02:11:56 Notice: Notice (8): Trying to get property of non-object in [/home/rhrn/www/cakephp1x/app/controllers/items_controller.php, line 15]
2010-01-28 19:42:15 Notice: Notice (8): Undefined property: ItemsController::$Html in [/home/rhrn/www/cakephp1x/app/controllers/items_controller.php, line 20]
2010-01-28 19:42:53 Notice: Notice (8): Undefined property: ItemsController::$Html in [/home/rhrn/www/cakephp1x/app/controllers/items_controller.php, line 20]
2010-01-28 23:17:49 Notice: Notice (8): Trying to get property of non-object in [/home/rhrn/www/cakephp1x/cake/libs/model/model.php, line 657]
2010-01-28 23:18:25 Notice: Notice (8): Trying to get property of non-object in [/home/rhrn/www/cakephp1x/cake/libs/model/model.php, line 657]
2010-01-28 23:21:26 Notice: Notice (8): Undefined property: ItemsController::$Session in [/home/rhrn/www/cakephp1x/app/controllers/items_controller.php, line 26]
2010-01-28 23:21:53 Notice: Notice (8): Undefined property: ItemsController::$Session in [/home/rhrn/www/cakephp1x/app/controllers/items_controller.php, line 26]
2010-01-28 23:21:59 Notice: Notice (8): Undefined property: ItemsController::$Session in [/home/rhrn/www/cakephp1x/app/controllers/items_controller.php, line 26]
2010-01-28 23:51:35 Notice: Notice (8): Undefined index:  login in [/home/rhrn/www/cakephp1x/app/app_controller.php, line 21]
2010-01-28 23:51:36 Notice: Notice (8): Undefined index:  login in [/home/rhrn/www/cakephp1x/app/app_controller.php, line 21]
2010-01-29 01:21:15 Notice: Notice (8): Use of undefined constant WEB_ROOT - assumed 'WEB_ROOT' in [/home/rhrn/www/cakephp1x/app/controllers/items_controller.php, line 19]
2010-01-29 01:21:36 Notice: Notice (8): Use of undefined constant WEBROOT - assumed 'WEBROOT' in [/home/rhrn/www/cakephp1x/app/controllers/items_controller.php, line 19]
2010-01-29 02:11:00 Notice: Notice (8): Undefined variable: v in [/home/rhrn/www/cakephp1x/app/models/image.php, line 40]
2010-01-29 02:11:00 Notice: Notice (8): Undefined variable: x in [/home/rhrn/www/cakephp1x/app/models/image.php, line 40]
2010-01-29 02:13:01 Notice: Notice (8): Undefined variable: x in [/home/rhrn/www/cakephp1x/app/models/image.php, line 39]
2010-01-29 02:13:01 Notice: Notice (8): Undefined variable: type in [/home/rhrn/www/cakephp1x/app/models/image.php, line 66]
2010-01-29 02:13:01 Notice: Notice (8): Undefined index:   in [/home/rhrn/www/cakephp1x/app/models/image.php, line 66]
2010-01-29 02:14:18 Notice: Notice (8): Undefined variable: type in [/home/rhrn/www/cakephp1x/app/models/image.php, line 66]
2010-01-29 02:14:18 Notice: Notice (8): Undefined index:   in [/home/rhrn/www/cakephp1x/app/models/image.php, line 66]
2010-01-29 04:00:56 Notice: Notice (8): Undefined variable: User in [/home/rhrn/www/cakephp1x/app/views/elements/users/panel.ctp, line 1]
2010-01-29 04:01:13 Notice: Notice (8): Undefined variable: User in [/home/rhrn/www/cakephp1x/app/views/elements/users/panel.ctp, line 1]
2010-01-29 04:01:54 Notice: Notice (8): Undefined variable: User in [/home/rhrn/www/cakephp1x/app/views/elements/users/panel.ctp, line 1]
2010-01-29 04:02:25 Notice: Notice (8): Undefined variable: User in [/home/rhrn/www/cakephp1x/app/views/elements/users/panel.ctp, line 1]
2010-01-29 04:02:32 Notice: Notice (8): Undefined variable: User in [/home/rhrn/www/cakephp1x/app/views/users/register.ctp, line 1]
2010-01-29 04:02:32 Notice: Notice (8): Undefined variable: User in [/home/rhrn/www/cakephp1x/app/views/elements/users/panel.ctp, line 1]
2010-01-29 04:03:56 Notice: Notice (8): Undefined variable: User in [/home/rhrn/www/cakephp1x/app/views/users/register.ctp, line 1]
2010-01-29 04:03:56 Notice: Notice (8): Undefined variable: User in [/home/rhrn/www/cakephp1x/app/views/elements/users/panel.ctp, line 1]
2010-01-29 04:05:06 Notice: Notice (8): Undefined variable: User in [/home/rhrn/www/cakephp1x/app/views/users/register.ctp, line 1]
2010-01-29 04:05:06 Notice: Notice (8): Undefined variable: User in [/home/rhrn/www/cakephp1x/app/views/elements/users/panel.ctp, line 1]
2010-01-29 04:06:54 Notice: Notice (8): Undefined variable: User in [/home/rhrn/www/cakephp1x/app/views/users/register.ctp, line 1]
2010-01-29 04:06:54 Notice: Notice (8): Undefined variable: User in [/home/rhrn/www/cakephp1x/app/views/elements/users/panel.ctp, line 1]
2010-01-29 04:28:27 Notice: Notice (8): Undefined variable: User in [/home/rhrn/www/cakephp1x/app/views/users/register.ctp, line 1]
